{"level":"INFO","time":"2024-04-21T23:09:01.075+0530","msg":"slave:6380: \"Replicating data from localhost:6379\""}
{"level":"INFO","time":"2024-04-21T23:09:01.085+0530","msg":"slave:6380: \"Sending command to master: \\\"*1\\\\r\\\\n$4\\\\r\\\\nping\\\\r\\\\n\\\"\\n\""}
{"level":"INFO","time":"2024-04-21T23:09:01.086+0530","msg":"slave:6380: \"Received response from master: \\\"+PONG\\\\r\\\\n\\\"\""}
{"level":"INFO","time":"2024-04-21T23:09:01.087+0530","msg":"slave:6380: \"Sending command to master: \\\"*3\\\\r\\\\n$8\\\\r\\\\nreplconf\\\\r\\\\n$14\\\\r\\\\nlistening-port\\\\r\\\\n$4\\\\r\\\\n6380\\\\r\\\\n\\\"\\n\""}
{"level":"INFO","time":"2024-04-21T23:09:01.088+0530","msg":"slave:6380: \"Received response from master: \\\"+OK\\\\r\\\\n\\\"\""}
{"level":"INFO","time":"2024-04-21T23:09:01.094+0530","msg":"slave:6380: \"Sending command to master: \\\"*3\\\\r\\\\n$8\\\\r\\\\nreplconf\\\\r\\\\n$4\\\\r\\\\ncapa\\\\r\\\\n$6\\\\r\\\\npsync2\\\\r\\\\n\\\"\\n\""}
{"level":"INFO","time":"2024-04-21T23:09:01.095+0530","msg":"slave:6380: \"Received response from master: \\\"+OK\\\\r\\\\n\\\"\""}
{"level":"INFO","time":"2024-04-21T23:09:01.095+0530","msg":"slave:6380: \"Sending command to master: \\\"*3\\\\r\\\\n$5\\\\r\\\\npsync\\\\r\\\\n$1\\\\r\\\\n?\\\\r\\\\n$2\\\\r\\\\n-1\\\\r\\\\n\\\"\\n\""}
{"level":"INFO","time":"2024-04-21T23:09:01.098+0530","msg":"slave:6380: \"Received response from master: \\\"+FULLRESYNC 8371b4fb1155b71f4a04d3e1bc3e18c4a990aeeb 0\\\\r\\\\n\\\"\""}
{"level":"INFO","time":"2024-04-21T23:09:01.098+0530","msg":"slave:6380: \"Starting server on port 6380\""}
{"level":"INFO","time":"2024-04-21T23:09:01.098+0530","msg":"slave:6380: \"Connection received from \\\"[::1]:6379\\\"\""}
{"level":"INFO","time":"2024-04-21T23:09:01.098+0530","msg":"slave:6380: \"Server started successfully\""}
{"level":"INFO","time":"2024-04-21T23:09:12.906+0530","msg":"slave:6380: \"Connection received from \\\"[::1]:52644\\\"\""}
{"level":"INFO","time":"2024-04-21T23:09:12.907+0530","msg":"slave:6380: \"Received command: \\\"*3\\\\\\\\r\\\\\\\\n$8\\\\\\\\r\\\\\\\\nreplconf\\\\\\\\r\\\\\\\\n$6\\\\\\\\r\\\\\\\\ngetack\\\\\\\\r\\\\\\\\n$1\\\\\\\\r\\\\\\\\n*\\\\\\\\r\\\\\\\\n\\\"\""}
{"level":"INFO","time":"2024-04-21T23:09:15.909+0530","msg":"slave:6380: \"Splitted Commands: [*3\\\\r\\\\n$8\\\\r\\\\nreplconf\\\\r\\\\n$6\\\\r\\\\ngetack\\\\r\\\\n$1\\\\r\\\\n *\\\\r\\\\n]\""}
{"level":"INFO","time":"2024-04-21T23:09:15.909+0530","msg":"slave:6380: \"invalid format for array\""}
{"level":"INFO","time":"2024-04-21T23:09:15.909+0530","msg":"slave:6380: \"Command is \\\"\\\" --> Response is \\\"- invalid format for array\\\\r\\\\n\\\"\""}
{"level":"INFO","time":"2024-04-21T23:09:15.909+0530","msg":"slave:6380: \"Writing data for \\\"[::1]:52644\\\"\""}
{"level":"INFO","time":"2024-04-21T23:09:15.911+0530","msg":"slave:6380: \"Connection closed by \\\"[::1]:52644\\\"\""}
{"level":"INFO","time":"2024-04-21T23:09:32.644+0530","msg":"slave:6380: \"Connection received from \\\"[::1]:52653\\\"\""}
{"level":"INFO","time":"2024-04-21T23:09:32.644+0530","msg":"slave:6380: \"Received command: \\\"*3\\\\\\\\r\\\\\\\\n$8\\\\\\\\r\\\\\\\\nreplconf\\\\\\\\r\\\\\\\\n$6\\\\\\\\r\\\\\\\\ngetack\\\\\\\\r\\\\\\\\n$1\\\\\\\\r\\\\\\\\n*\\\\\\\\r\\\\\\\\n\\\"\""}
